d:\developpement\graytracer\obj\debug\graytracer\graytracer.pdb
d:\developpement\graytracer\obj\debug\graytracer\graytracer.idb
d:\developpement\graytracer\obj\debug\graytracer\quaternion.obj
d:\developpement\graytracer\obj\debug\graytracer\matrix33.obj
d:\developpement\graytracer\obj\debug\graytracer\vcpkg.applocal.log
d:\developpement\graytracer\bin\debug\graytracer.lib
d:\developpement\graytracer\obj\debug\graytracer\vc142.idb
d:\developpement\graytracer\obj\debug\graytracer\vc142.pdb
d:\developpement\graytracer\bin\debug\graytracer.pdb
d:\developpement\graytracer\obj\debug\graytracer\graytracer.tlog\cl.command.1.tlog
d:\developpement\graytracer\obj\debug\graytracer\graytracer.tlog\cl.read.1.tlog
d:\developpement\graytracer\obj\debug\graytracer\graytracer.tlog\cl.write.1.tlog
d:\developpement\graytracer\obj\debug\graytracer\graytracer.tlog\graytracer.write.1u.tlog
d:\developpement\graytracer\obj\debug\graytracer\graytracer.tlog\lib-link.read.1.tlog
d:\developpement\graytracer\obj\debug\graytracer\graytracer.tlog\lib-link.write.1.tlog
d:\developpement\graytracer\obj\debug\graytracer\graytracer.tlog\lib.command.1.tlog
d:\developpement\graytracer\obj\debug\graytracer\graytracer.tlog\link-cvtres.read.1.tlog
d:\developpement\graytracer\obj\debug\graytracer\graytracer.tlog\link-cvtres.write.1.tlog
d:\developpement\graytracer\obj\debug\graytracer\graytracer.tlog\link-rc.read.1.tlog
d:\developpement\graytracer\obj\debug\graytracer\graytracer.tlog\link-rc.write.1.tlog
d:\developpement\graytracer\obj\debug\graytracer\graytracer.tlog\link.command.1.tlog
d:\developpement\graytracer\obj\debug\graytracer\graytracer.tlog\link.read.1.tlog
d:\developpement\graytracer\obj\debug\graytracer\graytracer.tlog\link.write.1.tlog
